# JRE version: Java(TM) SE Runtime Environment (8.0_231-b11) (build 1.8.0_231-b11)
# Java VM: Java HotSpot(TM) 64-Bit Server VM (25.231-b11 mixed mode windows-amd64 compressed oops)
Heap:
 PSYoungGen      total 56320K, used 40318K [0x00000000f0b80000, 0x00000000f4980000, 0x0000000100000000)
  eden space 49152K, 82% used [0x00000000f0b80000,0x00000000f32df820,0x00000000f3b80000)
  from space 7168K, 0% used [0x00000000f4280000,0x00000000f4280000,0x00000000f4980000)
  to   space 7168K, 0% used [0x00000000f3b80000,0x00000000f3b80000,0x00000000f4280000)
 ParOldGen       total 32256K, used 9468K [0x00000000d2200000, 0x00000000d4180000, 0x00000000f0b80000)
  object space 32256K, 29% used [0x00000000d2200000,0x00000000d2b3f3a0,0x00000000d4180000)
 Metaspace       used 25786K, capacity 26040K, committed 26624K, reserved 1073152K
  class space    used 3396K, capacity 3476K, committed 3584K, reserved 1048576K
GC Heap History (10 events):
Event: 0.822 GC heap before
{Heap before GC invocations=3 (full 0):
 PSYoungGen      total 13824K, used 12797K [0x00000000f0b80000, 0x00000000f2680000, 0x0000000100000000)
  eden space 12288K, 99% used [0x00000000f0b80000,0x00000000f177e2f8,0x00000000f1780000)
  from space 1536K, 33% used [0x00000000f1900000,0x00000000f1981270,0x00000000f1a80000)
  to   space 1536K, 0% used [0x00000000f1780000,0x00000000f1780000,0x00000000f1900000)
 ParOldGen       total 31744K, used 16K [0x00000000d2200000, 0x00000000d4100000, 0x00000000f0b80000)
  object space 31744K, 0% used [0x00000000d2200000,0x00000000d2204000,0x00000000d4100000)
 Metaspace       used 5623K, capacity 6098K, committed 6144K, reserved 1056768K
  class space    used 711K, capacity 761K, committed 768K, reserved 1048576K
Event: 0.826 GC heap after
Heap after GC invocations=3 (full 0):
 PSYoungGen      total 13824K, used 1532K [0x00000000f0b80000, 0x00000000f2680000, 0x0000000100000000)
  eden space 12288K, 0% used [0x00000000f0b80000,0x00000000f0b80000,0x00000000f1780000)
  from space 1536K, 99% used [0x00000000f1780000,0x00000000f18ff320,0x00000000f1900000)
  to   space 1536K, 0% used [0x00000000f2500000,0x00000000f2500000,0x00000000f2680000)
 ParOldGen       total 31744K, used 673K [0x00000000d2200000, 0x00000000d4100000, 0x00000000f0b80000)
  object space 31744K, 2% used [0x00000000d2200000,0x00000000d22a8428,0x00000000d4100000)
 Metaspace       used 5623K, capacity 6098K, committed 6144K, reserved 1056768K
  class space    used 711K, capacity 761K, committed 768K, reserved 1048576K
}
Event: 1.800 GC heap before
{Heap before GC invocations=4 (full 0):
 PSYoungGen      total 13824K, used 13820K [0x00000000f0b80000, 0x00000000f2680000, 0x0000000100000000)
  eden space 12288K, 100% used [0x00000000f0b80000,0x00000000f1780000,0x00000000f1780000)
  from space 1536K, 99% used [0x00000000f1780000,0x00000000f18ff320,0x00000000f1900000)
  to   space 1536K, 0% used [0x00000000f2500000,0x00000000f2500000,0x00000000f2680000)
 ParOldGen       total 31744K, used 673K [0x00000000d2200000, 0x00000000d4100000, 0x00000000f0b80000)
  object space 31744K, 2% used [0x00000000d2200000,0x00000000d22a8428,0x00000000d4100000)
 Metaspace       used 12767K, capacity 12946K, committed 13184K, reserved 1060864K
  class space    used 1760K, capacity 1815K, committed 1920K, reserved 1048576K
Event: 1.809 GC heap after
Heap after GC invocations=4 (full 0):
 PSYoungGen      total 26112K, used 1524K [0x00000000f0b80000, 0x00000000f2680000, 0x0000000100000000)
  eden space 24576K, 0% used [0x00000000f0b80000,0x00000000f0b80000,0x00000000f2380000)
  from space 1536K, 99% used [0x00000000f2500000,0x00000000f267d250,0x00000000f2680000)
  to   space 1536K, 0% used [0x00000000f2380000,0x00000000f2380000,0x00000000f2500000)
 ParOldGen       total 31744K, used 2837K [0x00000000d2200000, 0x00000000d4100000, 0x00000000f0b80000)
  object space 31744K, 8% used [0x00000000d2200000,0x00000000d24c56e0,0x00000000d4100000)
 Metaspace       used 12767K, capacity 12946K, committed 13184K, reserved 1060864K
  class space    used 1760K, capacity 1815K, committed 1920K, reserved 1048576K
}
Event: 3.971 GC heap before
{Heap before GC invocations=5 (full 0):
 PSYoungGen      total 26112K, used 26100K [0x00000000f0b80000, 0x00000000f2680000, 0x0000000100000000)
  eden space 24576K, 100% used [0x00000000f0b80000,0x00000000f2380000,0x00000000f2380000)
  from space 1536K, 99% used [0x00000000f2500000,0x00000000f267d250,0x00000000f2680000)
  to   space 1536K, 0% used [0x00000000f2380000,0x00000000f2380000,0x00000000f2500000)
 ParOldGen       total 31744K, used 2837K [0x00000000d2200000, 0x00000000d4100000, 0x00000000f0b80000)
  object space 31744K, 8% used [0x00000000d2200000,0x00000000d24c56e0,0x00000000d4100000)
 Metaspace       used 19024K, capacity 19278K, committed 19584K, reserved 1067008K
  class space    used 2535K, capacity 2625K, committed 2688K, reserved 1048576K
Event: 3.983 GC heap after
Heap after GC invocations=5 (full 0):
 PSYoungGen      total 26112K, used 1524K [0x00000000f0b80000, 0x00000000f4980000, 0x0000000100000000)
  eden space 24576K, 0% used [0x00000000f0b80000,0x00000000f0b80000,0x00000000f2380000)
  from space 1536K, 99% used [0x00000000f2380000,0x00000000f24fd230,0x00000000f2500000)
  to   space 7168K, 0% used [0x00000000f4280000,0x00000000f4280000,0x00000000f4980000)
 ParOldGen       total 31744K, used 7639K [0x00000000d2200000, 0x00000000d4100000, 0x00000000f0b80000)
  object space 31744K, 24% used [0x00000000d2200000,0x00000000d2975f30,0x00000000d4100000)
 Metaspace       used 19024K, capacity 19278K, committed 19584K, reserved 1067008K
  class space    used 2535K, capacity 2625K, committed 2688K, reserved 1048576K
}
Event: 5.078 GC heap before
{Heap before GC invocations=6 (full 0):
 PSYoungGen      total 26112K, used 18873K [0x00000000f0b80000, 0x00000000f4980000, 0x0000000100000000)
  eden space 24576K, 70% used [0x00000000f0b80000,0x00000000f1c71338,0x00000000f2380000)
  from space 1536K, 99% used [0x00000000f2380000,0x00000000f24fd230,0x00000000f2500000)
  to   space 7168K, 0% used [0x00000000f4280000,0x00000000f4280000,0x00000000f4980000)
 ParOldGen       total 31744K, used 7639K [0x00000000d2200000, 0x00000000d4100000, 0x00000000f0b80000)
  object space 31744K, 24% used [0x00000000d2200000,0x00000000d2975f30,0x00000000d4100000)
 Metaspace       used 20838K, capacity 21042K, committed 21296K, reserved 1067008K
  class space    used 2804K, capacity 2887K, committed 2944K, reserved 1048576K
Event: 5.091 GC heap after
Heap after GC invocations=6 (full 0):
 PSYoungGen      total 56320K, used 4197K [0x00000000f0b80000, 0x00000000f4980000, 0x0000000100000000)
  eden space 49152K, 0% used [0x00000000f0b80000,0x00000000f0b80000,0x00000000f3b80000)
  from space 7168K, 58% used [0x00000000f4280000,0x00000000f46996b0,0x00000000f4980000)
  to   space 7168K, 0% used [0x00000000f3b80000,0x00000000f3b80000,0x00000000f4280000)
 ParOldGen       total 31744K, used 7639K [0x00000000d2200000, 0x00000000d4100000, 0x00000000f0b80000)
  object space 31744K, 24% used [0x00000000d2200000,0x00000000d2975f30,0x00000000d4100000)
 Metaspace       used 20838K, capacity 21042K, committed 21296K, reserved 1067008K
  class space    used 2804K, capacity 2887K, committed 2944K, reserved 1048576K
}
Event: 5.091 GC heap before
{Heap before GC invocations=7 (full 1):
 PSYoungGen      total 56320K, used 4197K [0x00000000f0b80000, 0x00000000f4980000, 0x0000000100000000)
  eden space 49152K, 0% used [0x00000000f0b80000,0x00000000f0b80000,0x00000000f3b80000)
  from space 7168K, 58% used [0x00000000f4280000,0x00000000f46996b0,0x00000000f4980000)
  to   space 7168K, 0% used [0x00000000f3b80000,0x00000000f3b80000,0x00000000f4280000)
 ParOldGen       total 31744K, used 7639K [0x00000000d2200000, 0x00000000d4100000, 0x00000000f0b80000)
  object space 31744K, 24% used [0x00000000d2200000,0x00000000d2975f30,0x00000000d4100000)
 Metaspace       used 20838K, capacity 21042K, committed 21296K, reserved 1067008K
  class space    used 2804K, capacity 2887K, committed 2944K, reserved 1048576K
Event: 5.181 GC heap after
Heap after GC invocations=7 (full 1):
 PSYoungGen      total 56320K, used 0K [0x00000000f0b80000, 0x00000000f4980000, 0x0000000100000000)
  eden space 49152K, 0% used [0x00000000f0b80000,0x00000000f0b80000,0x00000000f3b80000)
  from space 7168K, 0% used [0x00000000f4280000,0x00000000f4280000,0x00000000f4980000)
  to   space 7168K, 0% used [0x00000000f3b80000,0x00000000f3b80000,0x00000000f4280000)
 ParOldGen       total 32256K, used 9468K [0x00000000d2200000, 0x00000000d4180000, 0x00000000f0b80000)
  object space 32256K, 29% used [0x00000000d2200000,0x00000000d2b3f3a0,0x00000000d4180000)
 Metaspace       used 20838K, capacity 21042K, committed 21296K, reserved 1067008K
  class space    used 2804K, capacity 2887K, committed 2944K, reserved 1048576K
}

