# JRE version: Java(TM) SE Runtime Environment (8.0_231-b11) (build 1.8.0_231-b11)
# Java VM: Java HotSpot(TM) 64-Bit Server VM (25.231-b11 mixed mode windows-amd64 compressed oops)
Heap:
 PSYoungGen      total 26112K, used 19464K [0x00000000f0b80000, 0x00000000f2680000, 0x0000000100000000)
  eden space 24576K, 73% used [0x00000000f0b80000,0x00000000f1d08f80,0x00000000f2380000)
  from space 1536K, 98% used [0x00000000f2500000,0x00000000f2679240,0x00000000f2680000)
  to   space 1536K, 0% used [0x00000000f2380000,0x00000000f2380000,0x00000000f2500000)
 ParOldGen       total 31744K, used 2812K [0x00000000d2200000, 0x00000000d4100000, 0x00000000f0b80000)
  object space 31744K, 8% used [0x00000000d2200000,0x00000000d24bf390,0x00000000d4100000)
 Metaspace       used 17690K, capacity 17906K, committed 18048K, reserved 1064960K
  class space    used 2353K, capacity 2423K, committed 2432K, reserved 1048576K
GC Heap History (8 events):
Event: 1.116 GC heap before
{Heap before GC invocations=1 (full 0):
 PSYoungGen      total 13824K, used 12278K [0x00000000f0b80000, 0x00000000f1a80000, 0x0000000100000000)
  eden space 12288K, 99% used [0x00000000f0b80000,0x00000000f177d990,0x00000000f1780000)
  from space 1536K, 0% used [0x00000000f1900000,0x00000000f1900000,0x00000000f1a80000)
  to   space 1536K, 0% used [0x00000000f1780000,0x00000000f1780000,0x00000000f1900000)
 ParOldGen       total 31744K, used 0K [0x00000000d2200000, 0x00000000d4100000, 0x00000000f0b80000)
  object space 31744K, 0% used [0x00000000d2200000,0x00000000d2200000,0x00000000d4100000)
 Metaspace       used 2648K, capacity 4494K, committed 4864K, reserved 1056768K
  class space    used 293K, capacity 386K, committed 512K, reserved 1048576K
Event: 1.117 GC heap after
Heap after GC invocations=1 (full 0):
 PSYoungGen      total 13824K, used 498K [0x00000000f0b80000, 0x00000000f1a80000, 0x0000000100000000)
  eden space 12288K, 0% used [0x00000000f0b80000,0x00000000f0b80000,0x00000000f1780000)
  from space 1536K, 32% used [0x00000000f1780000,0x00000000f17fc920,0x00000000f1900000)
  to   space 1536K, 0% used [0x00000000f1900000,0x00000000f1900000,0x00000000f1a80000)
 ParOldGen       total 31744K, used 8K [0x00000000d2200000, 0x00000000d4100000, 0x00000000f0b80000)
  object space 31744K, 0% used [0x00000000d2200000,0x00000000d2202000,0x00000000d4100000)
 Metaspace       used 2648K, capacity 4494K, committed 4864K, reserved 1056768K
  class space    used 293K, capacity 386K, committed 512K, reserved 1048576K
}
Event: 1.127 GC heap before
{Heap before GC invocations=2 (full 0):
 PSYoungGen      total 13824K, used 12738K [0x00000000f0b80000, 0x00000000f1a80000, 0x0000000100000000)
  eden space 12288K, 99% used [0x00000000f0b80000,0x00000000f1774280,0x00000000f1780000)
  from space 1536K, 32% used [0x00000000f1780000,0x00000000f17fc920,0x00000000f1900000)
  to   space 1536K, 0% used [0x00000000f1900000,0x00000000f1900000,0x00000000f1a80000)
 ParOldGen       total 31744K, used 8K [0x00000000d2200000, 0x00000000d4100000, 0x00000000f0b80000)
  object space 31744K, 0% used [0x00000000d2200000,0x00000000d2202000,0x00000000d4100000)
 Metaspace       used 2649K, capacity 4494K, committed 4864K, reserved 1056768K
  class space    used 293K, capacity 386K, committed 512K, reserved 1048576K
Event: 1.128 GC heap after
Heap after GC invocations=2 (full 0):
 PSYoungGen      total 13824K, used 468K [0x00000000f0b80000, 0x00000000f2680000, 0x0000000100000000)
  eden space 12288K, 0% used [0x00000000f0b80000,0x00000000f0b80000,0x00000000f1780000)
  from space 1536K, 30% used [0x00000000f1900000,0x00000000f1975260,0x00000000f1a80000)
  to   space 1536K, 0% used [0x00000000f1780000,0x00000000f1780000,0x00000000f1900000)
 ParOldGen       total 31744K, used 8K [0x00000000d2200000, 0x00000000d4100000, 0x00000000f0b80000)
  object space 31744K, 0% used [0x00000000d2200000,0x00000000d2202000,0x00000000d4100000)
 Metaspace       used 2649K, capacity 4494K, committed 4864K, reserved 1056768K
  class space    used 293K, capacity 386K, committed 512K, reserved 1048576K
}
Event: 9.847 GC heap before
{Heap before GC invocations=3 (full 0):
 PSYoungGen      total 13824K, used 12749K [0x00000000f0b80000, 0x00000000f2680000, 0x0000000100000000)
  eden space 12288K, 99% used [0x00000000f0b80000,0x00000000f177e1d0,0x00000000f1780000)
  from space 1536K, 30% used [0x00000000f1900000,0x00000000f1975260,0x00000000f1a80000)
  to   space 1536K, 0% used [0x00000000f1780000,0x00000000f1780000,0x00000000f1900000)
 ParOldGen       total 31744K, used 8K [0x00000000d2200000, 0x00000000d4100000, 0x00000000f0b80000)
  object space 31744K, 0% used [0x00000000d2200000,0x00000000d2202000,0x00000000d4100000)
 Metaspace       used 5633K, capacity 6098K, committed 6144K, reserved 1056768K
  class space    used 711K, capacity 761K, committed 768K, reserved 1048576K
Event: 9.854 GC heap after
Heap after GC invocations=3 (full 0):
 PSYoungGen      total 13824K, used 1532K [0x00000000f0b80000, 0x00000000f2680000, 0x0000000100000000)
  eden space 12288K, 0% used [0x00000000f0b80000,0x00000000f0b80000,0x00000000f1780000)
  from space 1536K, 99% used [0x00000000f1780000,0x00000000f18ff320,0x00000000f1900000)
  to   space 1536K, 0% used [0x00000000f2500000,0x00000000f2500000,0x00000000f2680000)
 ParOldGen       total 31744K, used 641K [0x00000000d2200000, 0x00000000d4100000, 0x00000000f0b80000)
  object space 31744K, 2% used [0x00000000d2200000,0x00000000d22a0510,0x00000000d4100000)
 Metaspace       used 5633K, capacity 6098K, committed 6144K, reserved 1056768K
  class space    used 711K, capacity 761K, committed 768K, reserved 1048576K
}
Event: 129.929 GC heap before
{Heap before GC invocations=4 (full 0):
 PSYoungGen      total 13824K, used 13820K [0x00000000f0b80000, 0x00000000f2680000, 0x0000000100000000)
  eden space 12288K, 100% used [0x00000000f0b80000,0x00000000f1780000,0x00000000f1780000)
  from space 1536K, 99% used [0x00000000f1780000,0x00000000f18ff320,0x00000000f1900000)
  to   space 1536K, 0% used [0x00000000f2500000,0x00000000f2500000,0x00000000f2680000)
 ParOldGen       total 31744K, used 641K [0x00000000d2200000, 0x00000000d4100000, 0x00000000f0b80000)
  object space 31744K, 2% used [0x00000000d2200000,0x00000000d22a0510,0x00000000d4100000)
 Metaspace       used 12775K, capacity 13010K, committed 13440K, reserved 1060864K
  class space    used 1760K, capacity 1815K, committed 1920K, reserved 1048576K
Event: 129.944 GC heap after
Heap after GC invocations=4 (full 0):
 PSYoungGen      total 26112K, used 1508K [0x00000000f0b80000, 0x00000000f2680000, 0x0000000100000000)
  eden space 24576K, 0% used [0x00000000f0b80000,0x00000000f0b80000,0x00000000f2380000)
  from space 1536K, 98% used [0x00000000f2500000,0x00000000f2679240,0x00000000f2680000)
  to   space 1536K, 0% used [0x00000000f2380000,0x00000000f2380000,0x00000000f2500000)
 ParOldGen       total 31744K, used 2812K [0x00000000d2200000, 0x00000000d4100000, 0x00000000f0b80000)
  object space 31744K, 8% used [0x00000000d2200000,0x00000000d24bf390,0x00000000d4100000)
 Metaspace       used 12775K, capacity 13010K, committed 13440K, reserved 1060864K
  class space    used 1760K, capacity 1815K, committed 1920K, reserved 1048576K
}

